# JRE version: OpenJDK Runtime Environment Corretto-17.0.13.11.1 (17.0.13+11) (build 17.0.13+11-LTS)
# Java VM: OpenJDK 64-Bit Server VM Corretto-17.0.13.11.1 (17.0.13+11-LTS, mixed mode, sharing, tiered, compressed oops, compressed class ptrs, g1 gc, windows-amd64)
GC Precious Log:
 CPUs: 2 total, 2 available
 Memory: 3737M
 Large Page Support: Disabled
 NUMA Support: Disabled
 Compressed Oops: Enabled (32-bit)
 Heap Region Size: 1M
 Heap Min Capacity: 8M
 Heap Initial Capacity: 60M
 Heap Max Capacity: 936M
 Pre-touch: Disabled
 Parallel Workers: 2
 Concurrent Workers: 1
 Concurrent Refinement Workers: 2
 Periodic GC: Disabled
Heap:
 garbage-first heap   total 177152K, used 107652K [0x00000000c5800000, 0x0000000100000000)
  region size 1024K, 102 young (104448K), 1 survivors (1024K)
 Metaspace       used 11543K, committed 11712K, reserved 1114112K
  class space    used 1226K, committed 1280K, reserved 1048576K
GC Heap History (20 events):
Event: 114.468 GC heap before
{Heap before GC invocations=1511 (full 0):
 garbage-first heap   total 177152K, used 109698K [0x00000000c5800000, 0x0000000100000000)
  region size 1024K, 103 young (105472K), 1 survivors (1024K)
 Metaspace       used 11542K, committed 11712K, reserved 1114112K
  class space    used 1226K, committed 1280K, reserved 1048576K
}
Event: 114.469 GC heap after
{Heap after GC invocations=1512 (full 0):
 garbage-first heap   total 177152K, used 5250K [0x00000000c5800000, 0x0000000100000000)
  region size 1024K, 1 young (1024K), 1 survivors (1024K)
 Metaspace       used 11542K, committed 11712K, reserved 1114112K
  class space    used 1226K, committed 1280K, reserved 1048576K
}
Event: 114.528 GC heap before
{Heap before GC invocations=1512 (full 0):
 garbage-first heap   total 177152K, used 109698K [0x00000000c5800000, 0x0000000100000000)
  region size 1024K, 103 young (105472K), 1 survivors (1024K)
 Metaspace       used 11542K, committed 11712K, reserved 1114112K
  class space    used 1226K, committed 1280K, reserved 1048576K
}
Event: 114.529 GC heap after
{Heap after GC invocations=1513 (full 0):
 garbage-first heap   total 177152K, used 5250K [0x00000000c5800000, 0x0000000100000000)
  region size 1024K, 1 young (1024K), 1 survivors (1024K)
 Metaspace       used 11542K, committed 11712K, reserved 1114112K
  class space    used 1226K, committed 1280K, reserved 1048576K
}
Event: 114.588 GC heap before
{Heap before GC invocations=1513 (full 0):
 garbage-first heap   total 177152K, used 109698K [0x00000000c5800000, 0x0000000100000000)
  region size 1024K, 103 young (105472K), 1 survivors (1024K)
 Metaspace       used 11542K, committed 11712K, reserved 1114112K
  class space    used 1226K, committed 1280K, reserved 1048576K
}
Event: 114.591 GC heap after
{Heap after GC invocations=1514 (full 0):
 garbage-first heap   total 177152K, used 5250K [0x00000000c5800000, 0x0000000100000000)
  region size 1024K, 1 young (1024K), 1 survivors (1024K)
 Metaspace       used 11542K, committed 11712K, reserved 1114112K
  class space    used 1226K, committed 1280K, reserved 1048576K
}
Event: 114.651 GC heap before
{Heap before GC invocations=1514 (full 0):
 garbage-first heap   total 177152K, used 109698K [0x00000000c5800000, 0x0000000100000000)
  region size 1024K, 103 young (105472K), 1 survivors (1024K)
 Metaspace       used 11542K, committed 11712K, reserved 1114112K
  class space    used 1226K, committed 1280K, reserved 1048576K
}
Event: 114.652 GC heap after
{Heap after GC invocations=1515 (full 0):
 garbage-first heap   total 177152K, used 5252K [0x00000000c5800000, 0x0000000100000000)
  region size 1024K, 1 young (1024K), 1 survivors (1024K)
 Metaspace       used 11542K, committed 11712K, reserved 1114112K
  class space    used 1226K, committed 1280K, reserved 1048576K
}
Event: 114.717 GC heap before
{Heap before GC invocations=1515 (full 0):
 garbage-first heap   total 177152K, used 109700K [0x00000000c5800000, 0x0000000100000000)
  region size 1024K, 103 young (105472K), 1 survivors (1024K)
 Metaspace       used 11542K, committed 11712K, reserved 1114112K
  class space    used 1226K, committed 1280K, reserved 1048576K
}
Event: 114.718 GC heap after
{Heap after GC invocations=1516 (full 0):
 garbage-first heap   total 177152K, used 5252K [0x00000000c5800000, 0x0000000100000000)
  region size 1024K, 1 young (1024K), 1 survivors (1024K)
 Metaspace       used 11542K, committed 11712K, reserved 1114112K
  class space    used 1226K, committed 1280K, reserved 1048576K
}
Event: 114.781 GC heap before
{Heap before GC invocations=1516 (full 0):
 garbage-first heap   total 177152K, used 109700K [0x00000000c5800000, 0x0000000100000000)
  region size 1024K, 103 young (105472K), 1 survivors (1024K)
 Metaspace       used 11542K, committed 11712K, reserved 1114112K
  class space    used 1226K, committed 1280K, reserved 1048576K
}
Event: 114.782 GC heap after
{Heap after GC invocations=1517 (full 0):
 garbage-first heap   total 177152K, used 5250K [0x00000000c5800000, 0x0000000100000000)
  region size 1024K, 1 young (1024K), 1 survivors (1024K)
 Metaspace       used 11542K, committed 11712K, reserved 1114112K
  class space    used 1226K, committed 1280K, reserved 1048576K
}
Event: 114.841 GC heap before
{Heap before GC invocations=1517 (full 0):
 garbage-first heap   total 177152K, used 109698K [0x00000000c5800000, 0x0000000100000000)
  region size 1024K, 103 young (105472K), 1 survivors (1024K)
 Metaspace       used 11542K, committed 11712K, reserved 1114112K
  class space    used 1226K, committed 1280K, reserved 1048576K
}
Event: 114.842 GC heap after
{Heap after GC invocations=1518 (full 0):
 garbage-first heap   total 177152K, used 5250K [0x00000000c5800000, 0x0000000100000000)
  region size 1024K, 1 young (1024K), 1 survivors (1024K)
 Metaspace       used 11542K, committed 11712K, reserved 1114112K
  class space    used 1226K, committed 1280K, reserved 1048576K
}
Event: 114.905 GC heap before
{Heap before GC invocations=1518 (full 0):
 garbage-first heap   total 177152K, used 109698K [0x00000000c5800000, 0x0000000100000000)
  region size 1024K, 103 young (105472K), 1 survivors (1024K)
 Metaspace       used 11542K, committed 11712K, reserved 1114112K
  class space    used 1226K, committed 1280K, reserved 1048576K
}
Event: 114.906 GC heap after
{Heap after GC invocations=1519 (full 0):
 garbage-first heap   total 177152K, used 5250K [0x00000000c5800000, 0x0000000100000000)
  region size 1024K, 1 young (1024K), 1 survivors (1024K)
 Metaspace       used 11542K, committed 11712K, reserved 1114112K
  class space    used 1226K, committed 1280K, reserved 1048576K
}
Event: 114.964 GC heap before
{Heap before GC invocations=1519 (full 0):
 garbage-first heap   total 177152K, used 109698K [0x00000000c5800000, 0x0000000100000000)
  region size 1024K, 103 young (105472K), 1 survivors (1024K)
 Metaspace       used 11542K, committed 11712K, reserved 1114112K
  class space    used 1226K, committed 1280K, reserved 1048576K
}
Event: 114.965 GC heap after
{Heap after GC invocations=1520 (full 0):
 garbage-first heap   total 177152K, used 5250K [0x00000000c5800000, 0x0000000100000000)
  region size 1024K, 1 young (1024K), 1 survivors (1024K)
 Metaspace       used 11542K, committed 11712K, reserved 1114112K
  class space    used 1226K, committed 1280K, reserved 1048576K
}
Event: 115.091 GC heap before
{Heap before GC invocations=1520 (full 0):
 garbage-first heap   total 177152K, used 109698K [0x00000000c5800000, 0x0000000100000000)
  region size 1024K, 103 young (105472K), 1 survivors (1024K)
 Metaspace       used 11542K, committed 11712K, reserved 1114112K
  class space    used 1226K, committed 1280K, reserved 1048576K
}
Event: 115.106 GC heap after
{Heap after GC invocations=1521 (full 0):
 garbage-first heap   total 177152K, used 5252K [0x00000000c5800000, 0x0000000100000000)
  region size 1024K, 1 young (1024K), 1 survivors (1024K)
 Metaspace       used 11542K, committed 11712K, reserved 1114112K
  class space    used 1226K, committed 1280K, reserved 1048576K
}

